Performing C SOURCE FILE Test CMAKE_HAVE_LIBC_PTHREAD failed with the following output:
Change Dir: /home/pi/Desktop/Aulas/OpenCV/matrix/Build/CMakeFiles/CMakeTmp

Run Build Command(s):/usr/bin/make cmTC_4204d/fast && /usr/bin/make -f CMakeFiles/cmTC_4204d.dir/build.make CMakeFiles/cmTC_4204d.dir/build
make[1]: Entering directory '/home/pi/Desktop/Aulas/OpenCV/matrix/Build/CMakeFiles/CMakeTmp'
Building C object CMakeFiles/cmTC_4204d.dir/src.c.o
/usr/bin/cc   -DCMAKE_HAVE_LIBC_PTHREAD   -o CMakeFiles/cmTC_4204d.dir/src.c.o   -c /home/pi/Desktop/Aulas/OpenCV/matrix/Build/CMakeFiles/CMakeTmp/src.c
Linking C executable cmTC_4204d
/usr/bin/cmake -E cmake_link_script CMakeFiles/cmTC_4204d.dir/link.txt --verbose=1
/usr/bin/cc  -DCMAKE_HAVE_LIBC_PTHREAD    -rdynamic CMakeFiles/cmTC_4204d.dir/src.c.o  -o cmTC_4204d 
/usr/bin/ld: CMakeFiles/cmTC_4204d.dir/src.c.o: na função "main":
src.c:(.text+0x40): referência não definida para "pthread_create"
/usr/bin/ld: src.c:(.text+0x4c): referência não definida para "pthread_detach"
/usr/bin/ld: src.c:(.text+0x5c): referência não definida para "pthread_join"
collect2: error: ld returned 1 exit status
make[1]: *** [CMakeFiles/cmTC_4204d.dir/build.make:87: cmTC_4204d] Error 1
make[1]: Leaving directory '/home/pi/Desktop/Aulas/OpenCV/matrix/Build/CMakeFiles/CMakeTmp'
make: *** [Makefile:121: cmTC_4204d/fast] Error 2


Source file was:
#include <pthread.h>

void* test_func(void* data)
{
  return data;
}

int main(void)
{
  pthread_t thread;
  pthread_create(&thread, NULL, test_func, NULL);
  pthread_detach(thread);
  pthread_join(thread, NULL);
  pthread_atfork(NULL, NULL, NULL);
  pthread_exit(NULL);

  return 0;
}

Determining if the function pthread_create exists in the pthreads failed with the following output:
Change Dir: /home/pi/Desktop/Aulas/OpenCV/matrix/Build/CMakeFiles/CMakeTmp

Run Build Command(s):/usr/bin/make cmTC_6dbfe/fast && /usr/bin/make -f CMakeFiles/cmTC_6dbfe.dir/build.make CMakeFiles/cmTC_6dbfe.dir/build
make[1]: Entering directory '/home/pi/Desktop/Aulas/OpenCV/matrix/Build/CMakeFiles/CMakeTmp'
Building C object CMakeFiles/cmTC_6dbfe.dir/CheckFunctionExists.c.o
/usr/bin/cc   -DCHECK_FUNCTION_EXISTS=pthread_create   -o CMakeFiles/cmTC_6dbfe.dir/CheckFunctionExists.c.o   -c /usr/share/cmake-3.16/Modules/CheckFunctionExists.c
Linking C executable cmTC_6dbfe
/usr/bin/cmake -E cmake_link_script CMakeFiles/cmTC_6dbfe.dir/link.txt --verbose=1
/usr/bin/cc  -DCHECK_FUNCTION_EXISTS=pthread_create    -rdynamic CMakeFiles/cmTC_6dbfe.dir/CheckFunctionExists.c.o  -o cmTC_6dbfe  -lpthreads 
/usr/bin/ld: não foi possível localizar -lpthreads
collect2: error: ld returned 1 exit status
make[1]: *** [CMakeFiles/cmTC_6dbfe.dir/build.make:87: cmTC_6dbfe] Error 1
make[1]: Leaving directory '/home/pi/Desktop/Aulas/OpenCV/matrix/Build/CMakeFiles/CMakeTmp'
make: *** [Makefile:121: cmTC_6dbfe/fast] Error 2



Determining if the function sgemm_ exists failed with the following output:
Change Dir: /home/pi/Desktop/Aulas/OpenCV/matrix/Build/CMakeFiles/CMakeTmp

Run Build Command(s):/usr/bin/make cmTC_81334/fast && /usr/bin/make -f CMakeFiles/cmTC_81334.dir/build.make CMakeFiles/cmTC_81334.dir/build
make[1]: Entering directory '/home/pi/Desktop/Aulas/OpenCV/matrix/Build/CMakeFiles/CMakeTmp'
Building C object CMakeFiles/cmTC_81334.dir/CheckFunctionExists.c.o
/usr/bin/cc   -DCHECK_FUNCTION_EXISTS=sgemm_   -o CMakeFiles/cmTC_81334.dir/CheckFunctionExists.c.o   -c /usr/share/cmake-3.16/Modules/CheckFunctionExists.c
Linking C executable cmTC_81334
/usr/bin/cmake -E cmake_link_script CMakeFiles/cmTC_81334.dir/link.txt --verbose=1
/usr/bin/cc  -DCHECK_FUNCTION_EXISTS=sgemm_    -rdynamic CMakeFiles/cmTC_81334.dir/CheckFunctionExists.c.o  -o cmTC_81334 
/usr/bin/ld: CMakeFiles/cmTC_81334.dir/CheckFunctionExists.c.o: na função "main":
CheckFunctionExists.c:(.text+0x14): referência não definida para "sgemm_"
collect2: error: ld returned 1 exit status
make[1]: *** [CMakeFiles/cmTC_81334.dir/build.make:87: cmTC_81334] Error 1
make[1]: Leaving directory '/home/pi/Desktop/Aulas/OpenCV/matrix/Build/CMakeFiles/CMakeTmp'
make: *** [Makefile:121: cmTC_81334/fast] Error 2



